/home/amit05a/daily-log/auto_commit.sh: line 2: cd: /home/ubuntu/daily-log: No such file or directory
fatal: not a git repository (or any of the parent directories): .git
fatal: not a git repository (or any of the parent directories): .git
fatal: not a git repository (or any of the parent directories): .git
/home/amit05a/daily-log/auto_commit.sh: line 2: cd: /home/ubuntu/daily-log: No such file or directory
fatal: not a git repository (or any of the parent directories): .git
fatal: not a git repository (or any of the parent directories): .git
fatal: not a git repository (or any of the parent directories): .git
/home/amit05a/daily-log/auto_commit.sh: line 2: cd: /home/ubuntu/daily-log: No such file or directory
fatal: not a git repository (or any of the parent directories): .git
fatal: not a git repository (or any of the parent directories): .git
fatal: not a git repository (or any of the parent directories): .git
[main bece28a] Auto update: Sat Sep 13 11:18:01 UTC 2025
 1 file changed, 1 insertion(+)
To https://github.com/amit05a/daily-log.git
   dc97a15..bece28a  main -> main
[main ebb3019] Auto update: Sat Sep 13 11:20:01 UTC 2025
 2 files changed, 5 insertions(+)
To https://github.com/amit05a/daily-log.git
   bece28a..ebb3019  main -> main
[main d0a4f2b] Auto update: Sat Sep 13 11:22:01 UTC 2025
 2 files changed, 5 insertions(+)
To https://github.com/amit05a/daily-log.git
   ebb3019..d0a4f2b  main -> main
